<?xml version="1.0" encoding="UTF-8"?>
<!-- Generated by org.testng.reporters.JUnitReportReporter -->
<testsuite hostname="DESKTOP-D762FB4" failures="0" tests="1" name="com.najeer.flipkart.tests.EndToEndScenario" time="15.896" errors="0" timestamp="2023-02-27T14:57:37 IST" skipped="0">
  <testcase classname="com.najeer.flipkart.tests.EndToEndScenario" name="purchaseAnItem" time="15.896"/>
  <system-out>
    <![CDATA[APPLE iPad (9th Gen) 64 GB ROM 10.2 inch with Wi-Fi Only (Space Grey) is selected successfully
APPLE iPad (9th Gen) 64 GB ROM 10.2 inch with Wi-Fi Only (Space Grey) is added to cart successfully]]>
  </system-out>
</testsuite> <!-- com.najeer.flipkart.tests.EndToEndScenario -->
